# JRE version: OpenJDK Runtime Environment (11.0.10) (build 11.0.10+0-b96-7249189)
# Java VM: OpenJDK 64-Bit Server VM (11.0.10+0-b96-7249189, mixed mode, tiered, compressed oops, g1 gc, windows-amd64)
Heap:
 garbage-first heap   total 460800K, used 221624K [0x0000000080000000, 0x0000000100000000)
  region size 1024K, 88 young (90112K), 8 survivors (8192K)
 Metaspace       used 171403K, capacity 176683K, committed 176888K, reserved 1204224K
  class space    used 20746K, capacity 22717K, committed 22808K, reserved 1048576K
GC Heap History (20 events):
Event: 92.546 GC heap before
{Heap before GC invocations=67 (full 0):
 garbage-first heap   total 647168K, used 551292K [0x0000000080000000, 0x0000000100000000)
  region size 1024K, 269 young (275456K), 20 survivors (20480K)
 Metaspace       used 145465K, capacity 149132K, committed 151032K, reserved 1179648K
  class space    used 17578K, capacity 18935K, committed 19992K, reserved 1048576K
}
Event: 92.557 GC heap after
{Heap after GC invocations=68 (full 0):
 garbage-first heap   total 647168K, used 291881K [0x0000000080000000, 0x0000000100000000)
  region size 1024K, 22 young (22528K), 22 survivors (22528K)
 Metaspace       used 145465K, capacity 149132K, committed 151032K, reserved 1179648K
  class space    used 17578K, capacity 18935K, committed 19992K, reserved 1048576K
}
Event: 94.231 GC heap before
{Heap before GC invocations=68 (full 0):
 garbage-first heap   total 647168K, used 546857K [0x0000000080000000, 0x0000000100000000)
  region size 1024K, 267 young (273408K), 22 survivors (22528K)
 Metaspace       used 148776K, capacity 152657K, committed 154232K, reserved 1183744K
  class space    used 17945K, capacity 19403K, committed 20376K, reserved 1048576K
}
Event: 94.244 GC heap after
{Heap after GC invocations=69 (full 0):
 garbage-first heap   total 647168K, used 299574K [0x0000000080000000, 0x0000000100000000)
  region size 1024K, 25 young (25600K), 25 survivors (25600K)
 Metaspace       used 148776K, capacity 152657K, committed 154232K, reserved 1183744K
  class space    used 17945K, capacity 19403K, committed 20376K, reserved 1048576K
}
Event: 94.803 GC heap before
{Heap before GC invocations=69 (full 0):
 garbage-first heap   total 647168K, used 551478K [0x0000000080000000, 0x0000000100000000)
  region size 1024K, 265 young (271360K), 25 survivors (25600K)
 Metaspace       used 150268K, capacity 154308K, committed 155640K, reserved 1183744K
  class space    used 18141K, capacity 19667K, committed 20504K, reserved 1048576K
}
Event: 94.823 GC heap after
{Heap after GC invocations=70 (full 0):
 garbage-first heap   total 647168K, used 309946K [0x0000000080000000, 0x0000000100000000)
  region size 1024K, 21 young (21504K), 21 survivors (21504K)
 Metaspace       used 150268K, capacity 154308K, committed 155640K, reserved 1183744K
  class space    used 18141K, capacity 19667K, committed 20504K, reserved 1048576K
}
Event: 94.866 GC heap before
{Heap before GC invocations=70 (full 0):
 garbage-first heap   total 647168K, used 336570K [0x0000000080000000, 0x0000000100000000)
  region size 1024K, 48 young (49152K), 21 survivors (21504K)
 Metaspace       used 150288K, capacity 154308K, committed 155640K, reserved 1183744K
  class space    used 18141K, capacity 19667K, committed 20504K, reserved 1048576K
}
Event: 94.891 GC heap after
{Heap after GC invocations=71 (full 0):
 garbage-first heap   total 647168K, used 313755K [0x0000000080000000, 0x0000000100000000)
  region size 1024K, 17 young (17408K), 17 survivors (17408K)
 Metaspace       used 150288K, capacity 154308K, committed 155640K, reserved 1183744K
  class space    used 18141K, capacity 19667K, committed 20504K, reserved 1048576K
}
Event: 215.799 GC heap before
{Heap before GC invocations=72 (full 0):
 garbage-first heap   total 647168K, used 501147K [0x0000000080000000, 0x0000000100000000)
  region size 1024K, 249 young (254976K), 17 survivors (17408K)
 Metaspace       used 158778K, capacity 163351K, committed 164088K, reserved 1191936K
  class space    used 19300K, capacity 20953K, committed 21528K, reserved 1048576K
}
Event: 215.807 GC heap after
{Heap after GC invocations=73 (full 0):
 garbage-first heap   total 647168K, used 225804K [0x0000000080000000, 0x0000000100000000)
  region size 1024K, 16 young (16384K), 16 survivors (16384K)
 Metaspace       used 158778K, capacity 163351K, committed 164088K, reserved 1191936K
  class space    used 19300K, capacity 20953K, committed 21528K, reserved 1048576K
}
Event: 215.872 GC heap before
{Heap before GC invocations=73 (full 0):
 garbage-first heap   total 647168K, used 240140K [0x0000000080000000, 0x0000000100000000)
  region size 1024K, 31 young (31744K), 16 survivors (16384K)
 Metaspace       used 158811K, capacity 163353K, committed 164088K, reserved 1191936K
  class space    used 19300K, capacity 20953K, committed 21528K, reserved 1048576K
}
Event: 215.883 GC heap after
{Heap after GC invocations=74 (full 0):
 garbage-first heap   total 647168K, used 175126K [0x0000000080000000, 0x0000000100000000)
  region size 1024K, 3 young (3072K), 3 survivors (3072K)
 Metaspace       used 158811K, capacity 163353K, committed 164088K, reserved 1191936K
  class space    used 19300K, capacity 20953K, committed 21528K, reserved 1048576K
}
Event: 3815.886 GC heap before
{Heap before GC invocations=74 (full 0):
 garbage-first heap   total 647168K, used 484374K [0x0000000080000000, 0x0000000100000000)
  region size 1024K, 306 young (313344K), 3 survivors (3072K)
 Metaspace       used 170215K, capacity 175530K, committed 175736K, reserved 1202176K
  class space    used 20710K, capacity 22680K, committed 22680K, reserved 1048576K
}
Event: 3816.002 GC heap after
{Heap after GC invocations=75 (full 1):
 garbage-first heap   total 460800K, used 132536K [0x0000000080000000, 0x0000000100000000)
  region size 1024K, 0 young (0K), 0 survivors (0K)
 Metaspace       used 169826K, capacity 174951K, committed 175736K, reserved 1202176K
  class space    used 20646K, capacity 22547K, committed 22680K, reserved 1048576K
}
Event: 11370.014 GC heap before
{Heap before GC invocations=75 (full 1):
 garbage-first heap   total 460800K, used 375224K [0x0000000080000000, 0x0000000100000000)
  region size 1024K, 237 young (242688K), 0 survivors (0K)
 Metaspace       used 170415K, capacity 175632K, committed 175736K, reserved 1202176K
  class space    used 20688K, capacity 22617K, committed 22680K, reserved 1048576K
}
Event: 11370.019 GC heap after
{Heap after GC invocations=76 (full 1):
 garbage-first heap   total 460800K, used 133496K [0x0000000080000000, 0x0000000100000000)
  region size 1024K, 1 young (1024K), 1 survivors (1024K)
 Metaspace       used 170415K, capacity 175632K, committed 175736K, reserved 1202176K
  class space    used 20688K, capacity 22617K, committed 22680K, reserved 1048576K
}
Event: 14051.421 GC heap before
{Heap before GC invocations=76 (full 1):
 garbage-first heap   total 460800K, used 434552K [0x0000000080000000, 0x0000000100000000)
  region size 1024K, 244 young (249856K), 1 survivors (1024K)
 Metaspace       used 170829K, capacity 176039K, committed 176248K, reserved 1202176K
  class space    used 20701K, capacity 22633K, committed 22680K, reserved 1048576K
}
Event: 14051.428 GC heap after
{Heap after GC invocations=77 (full 1):
 garbage-first heap   total 460800K, used 139730K [0x0000000080000000, 0x0000000100000000)
  region size 1024K, 8 young (8192K), 8 survivors (8192K)
 Metaspace       used 170829K, capacity 176039K, committed 176248K, reserved 1202176K
  class space    used 20701K, capacity 22633K, committed 22680K, reserved 1048576K
}
Event: 14202.562 GC heap before
{Heap before GC invocations=77 (full 1):
 garbage-first heap   total 460800K, used 400850K [0x0000000080000000, 0x0000000100000000)
  region size 1024K, 244 young (249856K), 8 survivors (8192K)
 Metaspace       used 171357K, capacity 176618K, committed 176888K, reserved 1204224K
  class space    used 20746K, capacity 22717K, committed 22808K, reserved 1048576K
}
Event: 14202.567 GC heap after
{Heap after GC invocations=78 (full 1):
 garbage-first heap   total 460800K, used 140728K [0x0000000080000000, 0x0000000100000000)
  region size 1024K, 8 young (8192K), 8 survivors (8192K)
 Metaspace       used 171357K, capacity 176618K, committed 176888K, reserved 1204224K
  class space    used 20746K, capacity 22717K, committed 22808K, reserved 1048576K
}

